build/app/intermediates/manifest_merge_blame_file/release/manifest-merger-blame-release-report.txt
1<?xml version="1.0" encoding="utf-8"?>
2<manifest xmlns:android="http://schemas.android.com/apk/res/android"
3    package="com.mez.mez_express"
4    android:versionCode="6"
5    android:versionName="1.0.0" >
6
7    <uses-sdk
8        android:minSdkVersion="21"
8-->src\main\AndroidManifest.xml
9        android:targetSdkVersion="31" />
9-->src\main\AndroidManifest.xml
10
11    <uses-permission android:name="android.permission.INTERNET" />
11-->src\main\AndroidManifest.xml:4:5-66
11-->src\main\AndroidManifest.xml:4:22-64
12    <uses-permission android:name="android.permission.ACCESS_FINE_LOCATION" />
12-->src\main\AndroidManifest.xml:5:5-78
12-->src\main\AndroidManifest.xml:5:22-76
13    <uses-permission android:name="android.permission.ACCESS_COARSE_LOCATION" />
13-->src\main\AndroidManifest.xml:6:5-80
13-->src\main\AndroidManifest.xml:6:22-78
14    <uses-permission android:name="android.permission.ACCESS_NETWORK_STATE" />
14-->src\main\AndroidManifest.xml:7:5-79
14-->src\main\AndroidManifest.xml:7:22-76
15    <uses-permission android:name="android.permission.WAKE_LOCK" />
15-->[:firebase_messaging] AndroidManifest.xml:8:5-68
15-->[:firebase_messaging] AndroidManifest.xml:8:22-65
16
17    <meta-data
17-->src\main\AndroidManifest.xml:59:9-61:33
18        android:name="flutterEmbedding"
18-->src\main\AndroidManifest.xml:60:13-44
19        android:value="2" />
19-->src\main\AndroidManifest.xml:61:13-30
20
21    <uses-feature android:name="android.hardware.camera.any" />
21-->[:credit_card_scanner] AndroidManifest.xml:7:5-64
21-->[:credit_card_scanner] AndroidManifest.xml:7:19-61
22
23    <uses-permission android:name="android.permission.CAMERA" />
23-->[:credit_card_scanner] AndroidManifest.xml:9:5-65
23-->[:credit_card_scanner] AndroidManifest.xml:9:22-62
24    <uses-permission android:name="android.permission.POST_NOTIFICATIONS" /> <!-- Required by older versions of Google Play services to create IID tokens -->
24-->[com.google.firebase:firebase-messaging:23.0.8] AndroidManifest.xml:26:5-77
24-->[com.google.firebase:firebase-messaging:23.0.8] AndroidManifest.xml:26:22-74
25    <uses-permission android:name="com.google.android.c2dm.permission.RECEIVE" />
25-->[com.google.firebase:firebase-messaging:23.0.8] AndroidManifest.xml:29:5-82
25-->[com.google.firebase:firebase-messaging:23.0.8] AndroidManifest.xml:29:22-79
26
27    <uses-feature
27-->[com.google.android.gms:play-services-maps:18.1.0] AndroidManifest.xml:26:5-28:35
28        android:glEsVersion="0x00020000"
28-->[com.google.android.gms:play-services-maps:18.1.0] AndroidManifest.xml:27:9-41
29        android:required="true" />
29-->[com.google.android.gms:play-services-maps:18.1.0] AndroidManifest.xml:28:9-32
30
31    <queries>
31-->[com.google.android.gms:play-services-maps:18.1.0] AndroidManifest.xml:30:5-34:15
32
33        <!-- Needs to be explicitly declared on Android R+ -->
34        <package android:name="com.google.android.apps.maps" />
34-->[com.google.android.gms:play-services-maps:18.1.0] AndroidManifest.xml:33:9-64
34-->[com.google.android.gms:play-services-maps:18.1.0] AndroidManifest.xml:33:18-61
35    </queries>
36    <!--
37 io.flutter.app.FlutterApplication is an android.app.Application that
38         calls FlutterMain.startInitialization(this); in its onCreate method.
39         In most cases you can leave this as-is, but you if you want to provide
40         additional functionality it is fine to subclass or reimplement
41         FlutterApplication and put your custom class here.
42    -->
43    <application
44        android:name="android.app.Application"
44-->src\main\AndroidManifest.xml:15:9-42
45        android:appComponentFactory="androidx.core.app.CoreComponentFactory"
45-->[androidx.core:core:1.7.0] AndroidManifest.xml:24:18-86
46        android:icon="@mipmap/launcher_icon"
46-->src\main\AndroidManifest.xml:16:9-45
47        android:label="Mez Express" >
47-->src\main\AndroidManifest.xml:14:9-36
48        <meta-data
48-->src\main\AndroidManifest.xml:18:9-19:77
49            android:name="com.google.android.geo.API_KEY"
49-->src\main\AndroidManifest.xml:18:20-65
50            android:value="AIzaSyDdyth2EiAjU9m9eE_obC5fnTY1yeVNTJU" />
50-->src\main\AndroidManifest.xml:19:20-75
51        <meta-data
51-->src\main\AndroidManifest.xml:20:9-22:62
52            android:name="com.google.firebase.messaging.default_notification_icon"
52-->src\main\AndroidManifest.xml:21:17-87
53            android:resource="@mipmap/ic_notification" />
53-->src\main\AndroidManifest.xml:22:17-59
54
55        <activity
55-->src\main\AndroidManifest.xml:23:9-56:20
56            android:name="com.mez.mez_express.MainActivity"
56-->src\main\AndroidManifest.xml:24:13-41
57            android:configChanges="orientation|keyboardHidden|keyboard|screenSize|smallestScreenSize|locale|layoutDirection|fontScale|screenLayout|density|uiMode"
57-->src\main\AndroidManifest.xml:27:13-163
58            android:exported="true"
58-->src\main\AndroidManifest.xml:30:13-36
59            android:hardwareAccelerated="true"
59-->src\main\AndroidManifest.xml:28:13-47
60            android:launchMode="singleTop"
60-->src\main\AndroidManifest.xml:25:13-43
61            android:theme="@style/LaunchTheme"
61-->src\main\AndroidManifest.xml:26:13-47
62            android:windowSoftInputMode="adjustResize" >
62-->src\main\AndroidManifest.xml:29:13-55
63
64            <!--
65                 This keeps the window background of the activity showing
66                 until Flutter renders its first frame. It can be removed if
67                 there is no splash screen (such as the default splash screen
68                 defined in @style/LaunchTheme).
69            -->
70            <meta-data
70-->src\main\AndroidManifest.xml:35:13-38:17
71                android:name="io.flutter.embedding.android.NormalTheme"
71-->src\main\AndroidManifest.xml:36:15-70
72                android:resource="@style/NormalTheme" />
72-->src\main\AndroidManifest.xml:37:15-52
73            <!--
74                 Displays an Android View that continues showing the launch screen
75                 Drawable until Flutter paints its first frame, then this splash
76                 screen fades out. A splash screen is useful to avoid any visual
77                 gap between the end of Android's launch screen and the painting of
78                 Flutter's first frame.
79            -->
80            <meta-data
80-->src\main\AndroidManifest.xml:44:13-47:17
81                android:name="io.flutter.embedding.android.SplashScreenDrawable"
81-->src\main\AndroidManifest.xml:45:15-79
82                android:resource="@drawable/launch_background" />
82-->src\main\AndroidManifest.xml:46:15-61
83
84            <intent-filter>
84-->src\main\AndroidManifest.xml:48:13-51:29
85                <action android:name="android.intent.action.MAIN" />
85-->src\main\AndroidManifest.xml:49:17-68
85-->src\main\AndroidManifest.xml:49:25-66
86
87                <category android:name="android.intent.category.LAUNCHER" />
87-->src\main\AndroidManifest.xml:50:17-76
87-->src\main\AndroidManifest.xml:50:27-74
88            </intent-filter>
89            <intent-filter>
89-->src\main\AndroidManifest.xml:52:13-55:29
90                <action android:name="FLUTTER_NOTIFICATION_CLICK" />
90-->src\main\AndroidManifest.xml:53:17-69
90-->src\main\AndroidManifest.xml:53:25-66
91
92                <category android:name="android.intent.category.DEFAULT" />
92-->src\main\AndroidManifest.xml:54:17-76
92-->src\main\AndroidManifest.xml:54:27-73
93            </intent-filter>
94        </activity>
95        <!--
96             Don't delete the meta-data below.
97             This is used by the Flutter tool to generate GeneratedPluginRegistrant.java
98        -->
99        <meta-data
99-->src\main\AndroidManifest.xml:59:9-61:33
100            android:name="flutterEmbedding"
100-->src\main\AndroidManifest.xml:60:13-44
101            android:value="2" />
101-->src\main\AndroidManifest.xml:61:13-30
102
103        <service
103-->[:cloud_firestore] AndroidManifest.xml:8:9-12:19
104            android:name="com.google.firebase.components.ComponentDiscoveryService"
104-->[:cloud_firestore] AndroidManifest.xml:8:18-89
105            android:directBootAware="true"
105-->[com.google.firebase:firebase-common:20.1.2] AndroidManifest.xml:35:13-43
106            android:exported="false" >
106-->[com.google.firebase:firebase-messaging:23.0.8] AndroidManifest.xml:55:13-37
107            <meta-data
107-->[:cloud_firestore] AndroidManifest.xml:9:13-11:85
108                android:name="com.google.firebase.components:io.flutter.plugins.firebase.firestore.FlutterFirebaseFirestoreRegistrar"
108-->[:cloud_firestore] AndroidManifest.xml:10:17-134
109                android:value="com.google.firebase.components.ComponentRegistrar" />
109-->[:cloud_firestore] AndroidManifest.xml:11:17-82
110            <meta-data
110-->[:firebase_auth] AndroidManifest.xml:9:13-11:85
111                android:name="com.google.firebase.components:io.flutter.plugins.firebase.auth.FlutterFirebaseAuthRegistrar"
111-->[:firebase_auth] AndroidManifest.xml:10:17-124
112                android:value="com.google.firebase.components.ComponentRegistrar" />
112-->[:firebase_auth] AndroidManifest.xml:11:17-82
113            <meta-data
113-->[:firebase_messaging] AndroidManifest.xml:34:13-36:85
114                android:name="com.google.firebase.components:io.flutter.plugins.firebase.messaging.FlutterFirebaseAppRegistrar"
114-->[:firebase_messaging] AndroidManifest.xml:35:17-128
115                android:value="com.google.firebase.components.ComponentRegistrar" />
115-->[:firebase_messaging] AndroidManifest.xml:36:17-82
116            <meta-data
116-->[:firebase_core] AndroidManifest.xml:9:13-11:85
117                android:name="com.google.firebase.components:io.flutter.plugins.firebase.core.FlutterFirebaseCoreRegistrar"
117-->[:firebase_core] AndroidManifest.xml:10:17-124
118                android:value="com.google.firebase.components.ComponentRegistrar" />
118-->[:firebase_core] AndroidManifest.xml:11:17-82
119            <meta-data
119-->[com.google.firebase:firebase-messaging:23.0.8] AndroidManifest.xml:56:13-58:85
120                android:name="com.google.firebase.components:com.google.firebase.messaging.FirebaseMessagingRegistrar"
120-->[com.google.firebase:firebase-messaging:23.0.8] AndroidManifest.xml:57:17-119
121                android:value="com.google.firebase.components.ComponentRegistrar" />
121-->[com.google.firebase:firebase-messaging:23.0.8] AndroidManifest.xml:58:17-82
122            <meta-data
122-->[com.google.firebase:firebase-auth:21.0.8] AndroidManifest.xml:67:13-69:85
123                android:name="com.google.firebase.components:com.google.firebase.auth.FirebaseAuthRegistrar"
123-->[com.google.firebase:firebase-auth:21.0.8] AndroidManifest.xml:68:17-109
124                android:value="com.google.firebase.components.ComponentRegistrar" />
124-->[com.google.firebase:firebase-auth:21.0.8] AndroidManifest.xml:69:17-82
125            <meta-data
125-->[com.google.firebase:firebase-firestore:24.3.1] AndroidManifest.xml:20:13-22:85
126                android:name="com.google.firebase.components:com.google.firebase.firestore.FirestoreRegistrar"
126-->[com.google.firebase:firebase-firestore:24.3.1] AndroidManifest.xml:21:17-111
127                android:value="com.google.firebase.components.ComponentRegistrar" />
127-->[com.google.firebase:firebase-firestore:24.3.1] AndroidManifest.xml:22:17-82
128            <meta-data
128-->[com.google.firebase:firebase-datatransport:18.1.6] AndroidManifest.xml:28:13-30:85
129                android:name="com.google.firebase.components:com.google.firebase.datatransport.TransportRegistrar"
129-->[com.google.firebase:firebase-datatransport:18.1.6] AndroidManifest.xml:29:17-115
130                android:value="com.google.firebase.components.ComponentRegistrar" />
130-->[com.google.firebase:firebase-datatransport:18.1.6] AndroidManifest.xml:30:17-82
131            <meta-data
131-->[com.google.firebase:firebase-installations:17.0.3] AndroidManifest.xml:18:13-20:85
132                android:name="com.google.firebase.components:com.google.firebase.installations.FirebaseInstallationsRegistrar"
132-->[com.google.firebase:firebase-installations:17.0.3] AndroidManifest.xml:19:17-127
133                android:value="com.google.firebase.components.ComponentRegistrar" />
133-->[com.google.firebase:firebase-installations:17.0.3] AndroidManifest.xml:20:17-82
134        </service>
135        <service
135-->[:firebase_messaging] AndroidManifest.xml:12:9-15:72
136            android:name="io.flutter.plugins.firebase.messaging.FlutterFirebaseMessagingBackgroundService"
136-->[:firebase_messaging] AndroidManifest.xml:13:13-107
137            android:exported="false"
137-->[:firebase_messaging] AndroidManifest.xml:14:13-37
138            android:permission="android.permission.BIND_JOB_SERVICE" />
138-->[:firebase_messaging] AndroidManifest.xml:15:13-69
139        <service
139-->[:firebase_messaging] AndroidManifest.xml:16:9-22:19
140            android:name="io.flutter.plugins.firebase.messaging.FlutterFirebaseMessagingService"
140-->[:firebase_messaging] AndroidManifest.xml:17:13-97
141            android:exported="false" >
141-->[:firebase_messaging] AndroidManifest.xml:18:13-37
142            <intent-filter>
142-->[:firebase_messaging] AndroidManifest.xml:19:13-21:29
143                <action android:name="com.google.firebase.MESSAGING_EVENT" />
143-->[:firebase_messaging] AndroidManifest.xml:20:17-78
143-->[:firebase_messaging] AndroidManifest.xml:20:25-75
144            </intent-filter>
145        </service>
146
147        <receiver
147-->[:firebase_messaging] AndroidManifest.xml:24:9-31:20
148            android:name="io.flutter.plugins.firebase.messaging.FlutterFirebaseMessagingReceiver"
148-->[:firebase_messaging] AndroidManifest.xml:25:13-98
149            android:exported="true"
149-->[:firebase_messaging] AndroidManifest.xml:26:13-36
150            android:permission="com.google.android.c2dm.permission.SEND" >
150-->[:firebase_messaging] AndroidManifest.xml:27:13-73
151            <intent-filter>
151-->[:firebase_messaging] AndroidManifest.xml:28:13-30:29
152                <action android:name="com.google.android.c2dm.intent.RECEIVE" />
152-->[:firebase_messaging] AndroidManifest.xml:29:17-81
152-->[:firebase_messaging] AndroidManifest.xml:29:25-78
153            </intent-filter>
154        </receiver>
155
156        <provider
156-->[:firebase_messaging] AndroidManifest.xml:39:9-43:38
157            android:name="io.flutter.plugins.firebase.messaging.FlutterFirebaseMessagingInitProvider"
157-->[:firebase_messaging] AndroidManifest.xml:40:13-102
158            android:authorities="com.mez.mez_express.flutterfirebasemessaginginitprovider"
158-->[:firebase_messaging] AndroidManifest.xml:41:13-88
159            android:exported="false"
159-->[:firebase_messaging] AndroidManifest.xml:42:13-37
160            android:initOrder="99" />
160-->[:firebase_messaging] AndroidManifest.xml:43:13-35
161
162        <activity
162-->[:url_launcher_android] AndroidManifest.xml:8:9-11:74
163            android:name="io.flutter.plugins.urllauncher.WebViewActivity"
163-->[:url_launcher_android] AndroidManifest.xml:9:13-74
164            android:exported="false"
164-->[:url_launcher_android] AndroidManifest.xml:10:13-37
165            android:theme="@android:style/Theme.NoTitleBar.Fullscreen" />
165-->[:url_launcher_android] AndroidManifest.xml:11:13-71
166
167        <meta-data
167-->[:credit_card_scanner] AndroidManifest.xml:12:9-14:35
168            android:name="com.google.mlkit.vision.DEPENDENCIES"
168-->[:credit_card_scanner] AndroidManifest.xml:13:13-64
169            android:value="ocr" />
169-->[:credit_card_scanner] AndroidManifest.xml:14:13-32
170
171        <activity
171-->[:credit_card_scanner] AndroidManifest.xml:16:9-20:20
172            android:name="com.nateshmbhat.credit_card_scanner.CardScannerCameraActivity"
172-->[:credit_card_scanner] AndroidManifest.xml:17:13-89
173            android:screenOrientation="portrait"
173-->[:credit_card_scanner] AndroidManifest.xml:18:13-49
174            android:theme="@style/Theme.AppCompat" >
174-->[:credit_card_scanner] AndroidManifest.xml:19:13-51
175        </activity>
176
177        <service
177-->[:location] AndroidManifest.xml:11:9-15:56
178            android:name="com.lyokone.location.FlutterLocationService"
178-->[:location] AndroidManifest.xml:12:13-71
179            android:enabled="true"
179-->[:location] AndroidManifest.xml:13:13-35
180            android:exported="false"
180-->[:location] AndroidManifest.xml:14:13-37
181            android:foregroundServiceType="location" />
181-->[:location] AndroidManifest.xml:15:13-53
182
183        <uses-library
183-->[androidx.window:window:1.0.0-beta04] AndroidManifest.xml:25:9-27:40
184            android:name="androidx.window.extensions"
184-->[androidx.window:window:1.0.0-beta04] AndroidManifest.xml:26:13-54
185            android:required="false" />
185-->[androidx.window:window:1.0.0-beta04] AndroidManifest.xml:27:13-37
186        <uses-library
186-->[androidx.window:window:1.0.0-beta04] AndroidManifest.xml:28:9-30:40
187            android:name="androidx.window.sidecar"
187-->[androidx.window:window:1.0.0-beta04] AndroidManifest.xml:29:13-51
188            android:required="false" />
188-->[androidx.window:window:1.0.0-beta04] AndroidManifest.xml:30:13-37
189
190        <receiver
190-->[com.google.firebase:firebase-messaging:23.0.8] AndroidManifest.xml:32:9-39:20
191            android:name="com.google.firebase.iid.FirebaseInstanceIdReceiver"
191-->[com.google.firebase:firebase-messaging:23.0.8] AndroidManifest.xml:33:13-78
192            android:exported="true"
192-->[com.google.firebase:firebase-messaging:23.0.8] AndroidManifest.xml:34:13-36
193            android:permission="com.google.android.c2dm.permission.SEND" >
193-->[com.google.firebase:firebase-messaging:23.0.8] AndroidManifest.xml:35:13-73
194            <intent-filter>
194-->[:firebase_messaging] AndroidManifest.xml:28:13-30:29
195                <action android:name="com.google.android.c2dm.intent.RECEIVE" />
195-->[:firebase_messaging] AndroidManifest.xml:29:17-81
195-->[:firebase_messaging] AndroidManifest.xml:29:25-78
196            </intent-filter>
197        </receiver>
198        <!--
199             FirebaseMessagingService performs security checks at runtime,
200             but set to not exported to explicitly avoid allowing another app to call it.
201        -->
202        <service
202-->[com.google.firebase:firebase-messaging:23.0.8] AndroidManifest.xml:45:9-52:19
203            android:name="com.google.firebase.messaging.FirebaseMessagingService"
203-->[com.google.firebase:firebase-messaging:23.0.8] AndroidManifest.xml:46:13-82
204            android:directBootAware="true"
204-->[com.google.firebase:firebase-messaging:23.0.8] AndroidManifest.xml:47:13-43
205            android:exported="false" >
205-->[com.google.firebase:firebase-messaging:23.0.8] AndroidManifest.xml:48:13-37
206            <intent-filter android:priority="-500" >
206-->[:firebase_messaging] AndroidManifest.xml:19:13-21:29
207                <action android:name="com.google.firebase.MESSAGING_EVENT" />
207-->[:firebase_messaging] AndroidManifest.xml:20:17-78
207-->[:firebase_messaging] AndroidManifest.xml:20:25-75
208            </intent-filter>
209        </service>
210
211        <activity
211-->[com.google.firebase:firebase-auth:21.0.8] AndroidManifest.xml:27:9-44:20
212            android:name="com.google.firebase.auth.internal.GenericIdpActivity"
212-->[com.google.firebase:firebase-auth:21.0.8] AndroidManifest.xml:28:13-80
213            android:excludeFromRecents="true"
213-->[com.google.firebase:firebase-auth:21.0.8] AndroidManifest.xml:29:13-46
214            android:exported="true"
214-->[com.google.firebase:firebase-auth:21.0.8] AndroidManifest.xml:30:13-36
215            android:launchMode="singleTask"
215-->[com.google.firebase:firebase-auth:21.0.8] AndroidManifest.xml:31:13-44
216            android:theme="@android:style/Theme.Translucent.NoTitleBar" >
216-->[com.google.firebase:firebase-auth:21.0.8] AndroidManifest.xml:32:13-72
217            <intent-filter>
217-->[com.google.firebase:firebase-auth:21.0.8] AndroidManifest.xml:33:13-43:29
218                <action android:name="android.intent.action.VIEW" />
218-->[com.google.firebase:firebase-auth:21.0.8] AndroidManifest.xml:34:17-69
218-->[com.google.firebase:firebase-auth:21.0.8] AndroidManifest.xml:34:25-66
219
220                <category android:name="android.intent.category.DEFAULT" />
220-->src\main\AndroidManifest.xml:54:17-76
220-->src\main\AndroidManifest.xml:54:27-73
221                <category android:name="android.intent.category.BROWSABLE" />
221-->[com.google.firebase:firebase-auth:21.0.8] AndroidManifest.xml:37:17-78
221-->[com.google.firebase:firebase-auth:21.0.8] AndroidManifest.xml:37:27-75
222
223                <data
223-->[com.google.firebase:firebase-auth:21.0.8] AndroidManifest.xml:39:17-42:51
224                    android:host="firebase.auth"
224-->[com.google.firebase:firebase-auth:21.0.8] AndroidManifest.xml:40:21-49
225                    android:path="/"
225-->[com.google.firebase:firebase-auth:21.0.8] AndroidManifest.xml:41:21-37
226                    android:scheme="genericidp" />
226-->[com.google.firebase:firebase-auth:21.0.8] AndroidManifest.xml:42:21-48
227            </intent-filter>
228        </activity>
229        <activity
229-->[com.google.firebase:firebase-auth:21.0.8] AndroidManifest.xml:45:9-62:20
230            android:name="com.google.firebase.auth.internal.RecaptchaActivity"
230-->[com.google.firebase:firebase-auth:21.0.8] AndroidManifest.xml:46:13-79
231            android:excludeFromRecents="true"
231-->[com.google.firebase:firebase-auth:21.0.8] AndroidManifest.xml:47:13-46
232            android:exported="true"
232-->[com.google.firebase:firebase-auth:21.0.8] AndroidManifest.xml:48:13-36
233            android:launchMode="singleTask"
233-->[com.google.firebase:firebase-auth:21.0.8] AndroidManifest.xml:49:13-44
234            android:theme="@android:style/Theme.Translucent.NoTitleBar" >
234-->[com.google.firebase:firebase-auth:21.0.8] AndroidManifest.xml:50:13-72
235            <intent-filter>
235-->[com.google.firebase:firebase-auth:21.0.8] AndroidManifest.xml:51:13-61:29
236                <action android:name="android.intent.action.VIEW" />
236-->[com.google.firebase:firebase-auth:21.0.8] AndroidManifest.xml:34:17-69
236-->[com.google.firebase:firebase-auth:21.0.8] AndroidManifest.xml:34:25-66
237
238                <category android:name="android.intent.category.DEFAULT" />
238-->src\main\AndroidManifest.xml:54:17-76
238-->src\main\AndroidManifest.xml:54:27-73
239                <category android:name="android.intent.category.BROWSABLE" />
239-->[com.google.firebase:firebase-auth:21.0.8] AndroidManifest.xml:37:17-78
239-->[com.google.firebase:firebase-auth:21.0.8] AndroidManifest.xml:37:27-75
240
241                <data
241-->[com.google.firebase:firebase-auth:21.0.8] AndroidManifest.xml:39:17-42:51
242                    android:host="firebase.auth"
242-->[com.google.firebase:firebase-auth:21.0.8] AndroidManifest.xml:40:21-49
243                    android:path="/"
243-->[com.google.firebase:firebase-auth:21.0.8] AndroidManifest.xml:41:21-37
244                    android:scheme="recaptcha" />
244-->[com.google.firebase:firebase-auth:21.0.8] AndroidManifest.xml:42:21-48
245            </intent-filter>
246        </activity> <!-- Needs to be explicitly declared on P+ -->
247        <uses-library
247-->[com.google.android.gms:play-services-maps:18.1.0] AndroidManifest.xml:39:9-41:40
248            android:name="org.apache.http.legacy"
248-->[com.google.android.gms:play-services-maps:18.1.0] AndroidManifest.xml:40:13-50
249            android:required="false" />
249-->[com.google.android.gms:play-services-maps:18.1.0] AndroidManifest.xml:41:13-37
250
251        <service
251-->[com.google.android.gms:play-services-mlkit-text-recognition:16.1.3] AndroidManifest.xml:9:9-15:19
252            android:name="com.google.mlkit.common.internal.MlKitComponentDiscoveryService"
252-->[com.google.android.gms:play-services-mlkit-text-recognition:16.1.3] AndroidManifest.xml:10:13-91
253            android:directBootAware="true"
253-->[com.google.mlkit:common:17.1.1] AndroidManifest.xml:17:13-43
254            android:exported="false" >
254-->[com.google.android.gms:play-services-mlkit-text-recognition:16.1.3] AndroidManifest.xml:11:13-37
255            <meta-data
255-->[com.google.android.gms:play-services-mlkit-text-recognition:16.1.3] AndroidManifest.xml:12:13-14:85
256                android:name="com.google.firebase.components:com.google.mlkit.vision.text.internal.TextRegistrar"
256-->[com.google.android.gms:play-services-mlkit-text-recognition:16.1.3] AndroidManifest.xml:13:17-114
257                android:value="com.google.firebase.components.ComponentRegistrar" />
257-->[com.google.android.gms:play-services-mlkit-text-recognition:16.1.3] AndroidManifest.xml:14:17-82
258            <meta-data
258-->[com.google.mlkit:vision-common:16.3.0] AndroidManifest.xml:12:13-14:85
259                android:name="com.google.firebase.components:com.google.mlkit.vision.common.internal.VisionCommonRegistrar"
259-->[com.google.mlkit:vision-common:16.3.0] AndroidManifest.xml:13:17-124
260                android:value="com.google.firebase.components.ComponentRegistrar" />
260-->[com.google.mlkit:vision-common:16.3.0] AndroidManifest.xml:14:17-82
261            <meta-data
261-->[com.google.mlkit:common:17.1.1] AndroidManifest.xml:20:13-22:85
262                android:name="com.google.firebase.components:com.google.mlkit.common.internal.CommonComponentRegistrar"
262-->[com.google.mlkit:common:17.1.1] AndroidManifest.xml:21:17-120
263                android:value="com.google.firebase.components.ComponentRegistrar" />
263-->[com.google.mlkit:common:17.1.1] AndroidManifest.xml:22:17-82
264        </service>
265
266        <provider
266-->[com.google.mlkit:common:17.1.1] AndroidManifest.xml:9:9-13:38
267            android:name="com.google.mlkit.common.internal.MlKitInitProvider"
267-->[com.google.mlkit:common:17.1.1] AndroidManifest.xml:10:13-78
268            android:authorities="com.mez.mez_express.mlkitinitprovider"
268-->[com.google.mlkit:common:17.1.1] AndroidManifest.xml:11:13-69
269            android:exported="false"
269-->[com.google.mlkit:common:17.1.1] AndroidManifest.xml:12:13-37
270            android:initOrder="99" />
270-->[com.google.mlkit:common:17.1.1] AndroidManifest.xml:13:13-35
271
272        <activity
272-->[com.google.android.gms:play-services-base:18.0.1] AndroidManifest.xml:20:9-22:45
273            android:name="com.google.android.gms.common.api.GoogleApiActivity"
273-->[com.google.android.gms:play-services-base:18.0.1] AndroidManifest.xml:20:19-85
274            android:exported="false"
274-->[com.google.android.gms:play-services-base:18.0.1] AndroidManifest.xml:22:19-43
275            android:theme="@android:style/Theme.Translucent.NoTitleBar" />
275-->[com.google.android.gms:play-services-base:18.0.1] AndroidManifest.xml:21:19-78
276
277        <provider
277-->[com.google.firebase:firebase-common:20.1.2] AndroidManifest.xml:26:9-31:39
278            android:name="com.google.firebase.provider.FirebaseInitProvider"
278-->[com.google.firebase:firebase-common:20.1.2] AndroidManifest.xml:27:13-77
279            android:authorities="com.mez.mez_express.firebaseinitprovider"
279-->[com.google.firebase:firebase-common:20.1.2] AndroidManifest.xml:28:13-72
280            android:directBootAware="true"
280-->[com.google.firebase:firebase-common:20.1.2] AndroidManifest.xml:29:13-43
281            android:exported="false"
281-->[com.google.firebase:firebase-common:20.1.2] AndroidManifest.xml:30:13-37
282            android:initOrder="100" />
282-->[com.google.firebase:firebase-common:20.1.2] AndroidManifest.xml:31:13-36
283
284        <meta-data
284-->[com.google.android.gms:play-services-basement:18.1.0] AndroidManifest.xml:21:9-23:69
285            android:name="com.google.android.gms.version"
285-->[com.google.android.gms:play-services-basement:18.1.0] AndroidManifest.xml:22:13-58
286            android:value="@integer/google_play_services_version" />
286-->[com.google.android.gms:play-services-basement:18.1.0] AndroidManifest.xml:23:13-66
287
288        <provider
288-->[androidx.emoji2:emoji2:1.0.0] AndroidManifest.xml:26:9-34:20
289            android:name="androidx.startup.InitializationProvider"
289-->[androidx.emoji2:emoji2:1.0.0] AndroidManifest.xml:27:13-67
290            android:authorities="com.mez.mez_express.androidx-startup"
290-->[androidx.emoji2:emoji2:1.0.0] AndroidManifest.xml:28:13-68
291            android:exported="false" >
291-->[androidx.emoji2:emoji2:1.0.0] AndroidManifest.xml:29:13-37
292            <meta-data
292-->[androidx.emoji2:emoji2:1.0.0] AndroidManifest.xml:31:13-33:52
293                android:name="androidx.emoji2.text.EmojiCompatInitializer"
293-->[androidx.emoji2:emoji2:1.0.0] AndroidManifest.xml:32:17-75
294                android:value="androidx.startup" />
294-->[androidx.emoji2:emoji2:1.0.0] AndroidManifest.xml:33:17-49
295            <meta-data
295-->[androidx.lifecycle:lifecycle-process:2.4.0] AndroidManifest.xml:31:13-33:52
296                android:name="androidx.lifecycle.ProcessLifecycleInitializer"
296-->[androidx.lifecycle:lifecycle-process:2.4.0] AndroidManifest.xml:32:17-78
297                android:value="androidx.startup" />
297-->[androidx.lifecycle:lifecycle-process:2.4.0] AndroidManifest.xml:33:17-49
298        </provider>
299
300        <service
300-->[com.google.android.datatransport:transport-backend-cct:3.1.7] AndroidManifest.xml:29:9-35:19